<?xml version="1.0" encoding="UTF-8"?>
<robot generator="Robot 4.1 (Python 3.9.6 on win32)" generated="20211021 20:08:25.664" rpa="false" schemaversion="2">
<suite id="s1" name="TestSitePractice" source="C:\Projetos\SuiteSiteTestePractice\tests\TestSitePractice.robot">
<test id="s1-t1" name="Caso de Teste 01: Pesquisar produto existente">
<kw name="Abrir navegador" library="Resource" type="SETUP">
<kw name="Open Browser" library="SeleniumLibrary">
<arg>about:blank</arg>
<arg>${BROWSER}</arg>
<doc>Opens a new browser instance to the optional ``url``.</doc>
<msg timestamp="20211021 20:08:25.892" level="INFO">Opening browser 'chrome' to base url 'about:blank'.</msg>
<status status="PASS" starttime="20211021 20:08:25.892" endtime="20211021 20:08:29.002"/>
</kw>
<status status="PASS" starttime="20211021 20:08:25.891" endtime="20211021 20:08:29.002"/>
</kw>
<kw name="Acessar a pagina home do site" library="Resource">
<doc>Palavra chave utilizada em todos os casos de teste deste cenario</doc>
<kw name="Go To" library="SeleniumLibrary">
<arg>http://automationpractice.com</arg>
<doc>Navigates the current browser window to the provided ``url``.</doc>
<msg timestamp="20211021 20:08:29.005" level="INFO">Opening url 'http://automationpractice.com'</msg>
<status status="PASS" starttime="20211021 20:08:29.005" endtime="20211021 20:08:34.238"/>
</kw>
<kw name="Maximize Browser Window" library="SeleniumLibrary">
<doc>Maximizes current browser window.</doc>
<status status="PASS" starttime="20211021 20:08:34.238" endtime="20211021 20:08:34.422"/>
</kw>
<kw name="Title Should Be" library="SeleniumLibrary">
<arg>My Store</arg>
<doc>Verifies that the current page title equals ``title``.</doc>
<msg timestamp="20211021 20:08:34.487" level="INFO">Page title is 'My Store'.</msg>
<status status="PASS" starttime="20211021 20:08:34.423" endtime="20211021 20:08:34.487"/>
</kw>
<status status="PASS" starttime="20211021 20:08:29.003" endtime="20211021 20:08:34.487"/>
</kw>
<kw name="Digita o nome do produto &quot;Blouse&quot; no campo de Pesquisar" library="Resource" sourcename="Digita o nome do produto &quot;${PRODUTO}&quot; no campo de Pesquisar">
<kw name="Input Text" library="SeleniumLibrary">
<arg>name = search_query</arg>
<arg>${PRODUTO}</arg>
<doc>Types the given ``text`` into the text field identified by ``locator``.</doc>
<msg timestamp="20211021 20:08:34.491" level="INFO">Typing text 'Blouse' into text field 'name = search_query'.</msg>
<status status="PASS" starttime="20211021 20:08:34.489" endtime="20211021 20:08:34.639"/>
</kw>
<status status="PASS" starttime="20211021 20:08:34.488" endtime="20211021 20:08:34.640"/>
</kw>
<kw name="Clicar no botão Pesquisar" library="Resource">
<kw name="Click Element" library="SeleniumLibrary">
<arg>name = submit_search</arg>
<doc>Click the element identified by ``locator``.</doc>
<msg timestamp="20211021 20:08:34.641" level="INFO">Clicking element 'name = submit_search'.</msg>
<status status="PASS" starttime="20211021 20:08:34.640" endtime="20211021 20:08:36.125"/>
</kw>
<status status="PASS" starttime="20211021 20:08:34.640" endtime="20211021 20:08:36.125"/>
</kw>
<kw name="Conferir se o produto &quot;Blouse&quot; foi listado no site" library="Resource" sourcename="Conferir se o produto &quot;${PRODUTO} foi listado no site">
<kw name="Scroll Element Into View" library="SeleniumLibrary">
<arg>xpath = //*[@id="center_column"]/ul/li/div/div[2]/div[1]/span</arg>
<doc>Scrolls the element identified by ``locator`` into view.</doc>
<status status="PASS" starttime="20211021 20:08:36.126" endtime="20211021 20:08:36.441"/>
</kw>
<kw name="Wait Until Element Is Visible" library="SeleniumLibrary">
<arg>xpath = //*[@id="center_column"]//h1//span[1]</arg>
<doc>Waits until the element ``locator`` is visible.</doc>
<status status="PASS" starttime="20211021 20:08:36.442" endtime="20211021 20:08:36.476"/>
</kw>
<kw name="Title Should Be" library="SeleniumLibrary">
<arg>Search - My Store</arg>
<doc>Verifies that the current page title equals ``title``.</doc>
<msg timestamp="20211021 20:08:36.483" level="INFO">Page title is 'Search - My Store'.</msg>
<status status="PASS" starttime="20211021 20:08:36.477" endtime="20211021 20:08:36.483"/>
</kw>
<kw name="Page Should Contain Image" library="SeleniumLibrary">
<arg>xpath = //*[@id="center_column"]//*[@src="http://automationpractice.com/img/p/7/7-home_default.jpg"]</arg>
<doc>Verifies image identified by ``locator`` is found from current page.</doc>
<msg timestamp="20211021 20:08:36.509" level="INFO">Current page contains image 'xpath = //*[@id="center_column"]//*[@src="http://automationpractice.com/img/p/7/7-home_default.jpg"]'.</msg>
<status status="PASS" starttime="20211021 20:08:36.483" endtime="20211021 20:08:36.509"/>
</kw>
<kw name="Capture Page Screenshot" library="SeleniumLibrary">
<doc>Takes a screenshot of the current page and embeds it into a log file.</doc>
<msg timestamp="20211021 20:08:36.734" level="INFO" html="true">&lt;/td&gt;&lt;/tr&gt;&lt;tr&gt;&lt;td colspan="3"&gt;&lt;a href="selenium-screenshot-164.png"&gt;&lt;img src="selenium-screenshot-164.png" width="800px"&gt;&lt;/a&gt;</msg>
<status status="PASS" starttime="20211021 20:08:36.510" endtime="20211021 20:08:36.735"/>
</kw>
<status status="PASS" starttime="20211021 20:08:36.126" endtime="20211021 20:08:36.735"/>
</kw>
<kw name="Fechar navegador" library="Resource" type="TEARDOWN">
<kw name="Close Browser" library="SeleniumLibrary">
<doc>Closes the current browser.</doc>
<status status="PASS" starttime="20211021 20:08:36.736" endtime="20211021 20:08:38.967"/>
</kw>
<status status="PASS" starttime="20211021 20:08:36.735" endtime="20211021 20:08:38.967"/>
</kw>
<status status="PASS" starttime="20211021 20:08:25.890" endtime="20211021 20:08:38.969"/>
</test>
<status status="PASS" starttime="20211021 20:08:25.666" endtime="20211021 20:08:38.974"/>
</suite>
<statistics>
<total>
<stat pass="1" fail="0" skip="0">All Tests</stat>
</total>
<tag>
</tag>
<suite>
<stat pass="1" fail="0" skip="0" id="s1" name="TestSitePractice">TestSitePractice</stat>
</suite>
</statistics>
<errors>
</errors>
</robot>
