<?xml version="1.0" encoding="UTF-8"?>
<robot generator="Robot 4.1.2 (Python 3.10.0 on win32)" generated="20211020 20:31:47.090" rpa="false" schemaversion="2">
<suite id="s1" name="Exercicios" source="C:\Users\T-Gamer\Desktop\Curso Prime\tests\exercicios.robot">
<test id="s1-t1" name="Cenario: Tomar decisões">
<kw name="Tomar decisões">
<for flavor="IN RANGE">
<var>${COUNT}</var>
<value>0</value>
<value>9</value>
<iter>
<var name="${COUNT}">0</var>
<if>
<branch type="IF" condition="'${COUNT}'=='5'">
<kw name="Log To Console" library="BuiltIn">
<arg>Estou no numero ${COUNT}</arg>
<doc>Logs the given message to the console.</doc>
<status status="NOT RUN" starttime="20211020 20:31:47.134" endtime="20211020 20:31:47.135"/>
</kw>
<status status="NOT RUN" starttime="20211020 20:31:47.134" endtime="20211020 20:31:47.135"/>
</branch>
<branch type="ELSE IF" condition="'${COUNT}'=='8'">
<kw name="Log To Console" library="BuiltIn">
<arg>Estou no numero ${COUNT}</arg>
<doc>Logs the given message to the console.</doc>
<status status="NOT RUN" starttime="20211020 20:31:47.135" endtime="20211020 20:31:47.135"/>
</kw>
<status status="NOT RUN" starttime="20211020 20:31:47.135" endtime="20211020 20:31:47.135"/>
</branch>
<branch type="ELSE">
<kw name="Log To Console" library="BuiltIn">
<arg>Este não é o número 5 ou o número 8</arg>
<doc>Logs the given message to the console.</doc>
<status status="PASS" starttime="20211020 20:31:47.135" endtime="20211020 20:31:47.136"/>
</kw>
<status status="PASS" starttime="20211020 20:31:47.135" endtime="20211020 20:31:47.136"/>
</branch>
<status status="PASS" starttime="20211020 20:31:47.133" endtime="20211020 20:31:47.136"/>
</if>
<status status="PASS" starttime="20211020 20:31:47.133" endtime="20211020 20:31:47.136"/>
</iter>
<iter>
<var name="${COUNT}">1</var>
<if>
<branch type="IF" condition="'${COUNT}'=='5'">
<kw name="Log To Console" library="BuiltIn">
<arg>Estou no numero ${COUNT}</arg>
<doc>Logs the given message to the console.</doc>
<status status="NOT RUN" starttime="20211020 20:31:47.136" endtime="20211020 20:31:47.136"/>
</kw>
<status status="NOT RUN" starttime="20211020 20:31:47.136" endtime="20211020 20:31:47.136"/>
</branch>
<branch type="ELSE IF" condition="'${COUNT}'=='8'">
<kw name="Log To Console" library="BuiltIn">
<arg>Estou no numero ${COUNT}</arg>
<doc>Logs the given message to the console.</doc>
<status status="NOT RUN" starttime="20211020 20:31:47.137" endtime="20211020 20:31:47.137"/>
</kw>
<status status="NOT RUN" starttime="20211020 20:31:47.137" endtime="20211020 20:31:47.137"/>
</branch>
<branch type="ELSE">
<kw name="Log To Console" library="BuiltIn">
<arg>Este não é o número 5 ou o número 8</arg>
<doc>Logs the given message to the console.</doc>
<status status="PASS" starttime="20211020 20:31:47.138" endtime="20211020 20:31:47.139"/>
</kw>
<status status="PASS" starttime="20211020 20:31:47.137" endtime="20211020 20:31:47.140"/>
</branch>
<status status="PASS" starttime="20211020 20:31:47.136" endtime="20211020 20:31:47.140"/>
</if>
<status status="PASS" starttime="20211020 20:31:47.136" endtime="20211020 20:31:47.140"/>
</iter>
<iter>
<var name="${COUNT}">2</var>
<if>
<branch type="IF" condition="'${COUNT}'=='5'">
<kw name="Log To Console" library="BuiltIn">
<arg>Estou no numero ${COUNT}</arg>
<doc>Logs the given message to the console.</doc>
<status status="NOT RUN" starttime="20211020 20:31:47.140" endtime="20211020 20:31:47.140"/>
</kw>
<status status="NOT RUN" starttime="20211020 20:31:47.140" endtime="20211020 20:31:47.140"/>
</branch>
<branch type="ELSE IF" condition="'${COUNT}'=='8'">
<kw name="Log To Console" library="BuiltIn">
<arg>Estou no numero ${COUNT}</arg>
<doc>Logs the given message to the console.</doc>
<status status="NOT RUN" starttime="20211020 20:31:47.140" endtime="20211020 20:31:47.140"/>
</kw>
<status status="NOT RUN" starttime="20211020 20:31:47.140" endtime="20211020 20:31:47.140"/>
</branch>
<branch type="ELSE">
<kw name="Log To Console" library="BuiltIn">
<arg>Este não é o número 5 ou o número 8</arg>
<doc>Logs the given message to the console.</doc>
<status status="PASS" starttime="20211020 20:31:47.141" endtime="20211020 20:31:47.141"/>
</kw>
<status status="PASS" starttime="20211020 20:31:47.140" endtime="20211020 20:31:47.141"/>
</branch>
<status status="PASS" starttime="20211020 20:31:47.140" endtime="20211020 20:31:47.141"/>
</if>
<status status="PASS" starttime="20211020 20:31:47.140" endtime="20211020 20:31:47.141"/>
</iter>
<iter>
<var name="${COUNT}">3</var>
<if>
<branch type="IF" condition="'${COUNT}'=='5'">
<kw name="Log To Console" library="BuiltIn">
<arg>Estou no numero ${COUNT}</arg>
<doc>Logs the given message to the console.</doc>
<status status="NOT RUN" starttime="20211020 20:31:47.142" endtime="20211020 20:31:47.142"/>
</kw>
<status status="NOT RUN" starttime="20211020 20:31:47.142" endtime="20211020 20:31:47.142"/>
</branch>
<branch type="ELSE IF" condition="'${COUNT}'=='8'">
<kw name="Log To Console" library="BuiltIn">
<arg>Estou no numero ${COUNT}</arg>
<doc>Logs the given message to the console.</doc>
<status status="NOT RUN" starttime="20211020 20:31:47.142" endtime="20211020 20:31:47.142"/>
</kw>
<status status="NOT RUN" starttime="20211020 20:31:47.142" endtime="20211020 20:31:47.142"/>
</branch>
<branch type="ELSE">
<kw name="Log To Console" library="BuiltIn">
<arg>Este não é o número 5 ou o número 8</arg>
<doc>Logs the given message to the console.</doc>
<status status="PASS" starttime="20211020 20:31:47.143" endtime="20211020 20:31:47.143"/>
</kw>
<status status="PASS" starttime="20211020 20:31:47.142" endtime="20211020 20:31:47.143"/>
</branch>
<status status="PASS" starttime="20211020 20:31:47.142" endtime="20211020 20:31:47.143"/>
</if>
<status status="PASS" starttime="20211020 20:31:47.141" endtime="20211020 20:31:47.143"/>
</iter>
<iter>
<var name="${COUNT}">4</var>
<if>
<branch type="IF" condition="'${COUNT}'=='5'">
<kw name="Log To Console" library="BuiltIn">
<arg>Estou no numero ${COUNT}</arg>
<doc>Logs the given message to the console.</doc>
<status status="NOT RUN" starttime="20211020 20:31:47.144" endtime="20211020 20:31:47.144"/>
</kw>
<status status="NOT RUN" starttime="20211020 20:31:47.144" endtime="20211020 20:31:47.144"/>
</branch>
<branch type="ELSE IF" condition="'${COUNT}'=='8'">
<kw name="Log To Console" library="BuiltIn">
<arg>Estou no numero ${COUNT}</arg>
<doc>Logs the given message to the console.</doc>
<status status="NOT RUN" starttime="20211020 20:31:47.144" endtime="20211020 20:31:47.144"/>
</kw>
<status status="NOT RUN" starttime="20211020 20:31:47.144" endtime="20211020 20:31:47.144"/>
</branch>
<branch type="ELSE">
<kw name="Log To Console" library="BuiltIn">
<arg>Este não é o número 5 ou o número 8</arg>
<doc>Logs the given message to the console.</doc>
<status status="PASS" starttime="20211020 20:31:47.144" endtime="20211020 20:31:47.147"/>
</kw>
<status status="PASS" starttime="20211020 20:31:47.144" endtime="20211020 20:31:47.147"/>
</branch>
<status status="PASS" starttime="20211020 20:31:47.143" endtime="20211020 20:31:47.147"/>
</if>
<status status="PASS" starttime="20211020 20:31:47.143" endtime="20211020 20:31:47.147"/>
</iter>
<iter>
<var name="${COUNT}">5</var>
<if>
<branch type="IF" condition="'${COUNT}'=='5'">
<kw name="Log To Console" library="BuiltIn">
<arg>Estou no numero ${COUNT}</arg>
<doc>Logs the given message to the console.</doc>
<status status="PASS" starttime="20211020 20:31:47.149" endtime="20211020 20:31:47.151"/>
</kw>
<status status="PASS" starttime="20211020 20:31:47.149" endtime="20211020 20:31:47.151"/>
</branch>
<branch type="ELSE IF" condition="'${COUNT}'=='8'">
<kw name="Log To Console" library="BuiltIn">
<arg>Estou no numero ${COUNT}</arg>
<doc>Logs the given message to the console.</doc>
<status status="NOT RUN" starttime="20211020 20:31:47.151" endtime="20211020 20:31:47.151"/>
</kw>
<status status="NOT RUN" starttime="20211020 20:31:47.151" endtime="20211020 20:31:47.151"/>
</branch>
<branch type="ELSE">
<kw name="Log To Console" library="BuiltIn">
<arg>Este não é o número 5 ou o número 8</arg>
<doc>Logs the given message to the console.</doc>
<status status="NOT RUN" starttime="20211020 20:31:47.151" endtime="20211020 20:31:47.151"/>
</kw>
<status status="NOT RUN" starttime="20211020 20:31:47.151" endtime="20211020 20:31:47.151"/>
</branch>
<status status="PASS" starttime="20211020 20:31:47.148" endtime="20211020 20:31:47.151"/>
</if>
<status status="PASS" starttime="20211020 20:31:47.147" endtime="20211020 20:31:47.151"/>
</iter>
<iter>
<var name="${COUNT}">6</var>
<if>
<branch type="IF" condition="'${COUNT}'=='5'">
<kw name="Log To Console" library="BuiltIn">
<arg>Estou no numero ${COUNT}</arg>
<doc>Logs the given message to the console.</doc>
<status status="NOT RUN" starttime="20211020 20:31:47.152" endtime="20211020 20:31:47.152"/>
</kw>
<status status="NOT RUN" starttime="20211020 20:31:47.151" endtime="20211020 20:31:47.152"/>
</branch>
<branch type="ELSE IF" condition="'${COUNT}'=='8'">
<kw name="Log To Console" library="BuiltIn">
<arg>Estou no numero ${COUNT}</arg>
<doc>Logs the given message to the console.</doc>
<status status="NOT RUN" starttime="20211020 20:31:47.152" endtime="20211020 20:31:47.152"/>
</kw>
<status status="NOT RUN" starttime="20211020 20:31:47.152" endtime="20211020 20:31:47.152"/>
</branch>
<branch type="ELSE">
<kw name="Log To Console" library="BuiltIn">
<arg>Este não é o número 5 ou o número 8</arg>
<doc>Logs the given message to the console.</doc>
<status status="PASS" starttime="20211020 20:31:47.152" endtime="20211020 20:31:47.156"/>
</kw>
<status status="PASS" starttime="20211020 20:31:47.152" endtime="20211020 20:31:47.156"/>
</branch>
<status status="PASS" starttime="20211020 20:31:47.151" endtime="20211020 20:31:47.156"/>
</if>
<status status="PASS" starttime="20211020 20:31:47.151" endtime="20211020 20:31:47.156"/>
</iter>
<iter>
<var name="${COUNT}">7</var>
<if>
<branch type="IF" condition="'${COUNT}'=='5'">
<kw name="Log To Console" library="BuiltIn">
<arg>Estou no numero ${COUNT}</arg>
<doc>Logs the given message to the console.</doc>
<status status="NOT RUN" starttime="20211020 20:31:47.156" endtime="20211020 20:31:47.156"/>
</kw>
<status status="NOT RUN" starttime="20211020 20:31:47.156" endtime="20211020 20:31:47.156"/>
</branch>
<branch type="ELSE IF" condition="'${COUNT}'=='8'">
<kw name="Log To Console" library="BuiltIn">
<arg>Estou no numero ${COUNT}</arg>
<doc>Logs the given message to the console.</doc>
<status status="NOT RUN" starttime="20211020 20:31:47.156" endtime="20211020 20:31:47.156"/>
</kw>
<status status="NOT RUN" starttime="20211020 20:31:47.156" endtime="20211020 20:31:47.157"/>
</branch>
<branch type="ELSE">
<kw name="Log To Console" library="BuiltIn">
<arg>Este não é o número 5 ou o número 8</arg>
<doc>Logs the given message to the console.</doc>
<status status="PASS" starttime="20211020 20:31:47.157" endtime="20211020 20:31:47.157"/>
</kw>
<status status="PASS" starttime="20211020 20:31:47.157" endtime="20211020 20:31:47.157"/>
</branch>
<status status="PASS" starttime="20211020 20:31:47.156" endtime="20211020 20:31:47.157"/>
</if>
<status status="PASS" starttime="20211020 20:31:47.156" endtime="20211020 20:31:47.157"/>
</iter>
<iter>
<var name="${COUNT}">8</var>
<if>
<branch type="IF" condition="'${COUNT}'=='5'">
<kw name="Log To Console" library="BuiltIn">
<arg>Estou no numero ${COUNT}</arg>
<doc>Logs the given message to the console.</doc>
<status status="NOT RUN" starttime="20211020 20:31:47.158" endtime="20211020 20:31:47.158"/>
</kw>
<status status="NOT RUN" starttime="20211020 20:31:47.157" endtime="20211020 20:31:47.158"/>
</branch>
<branch type="ELSE IF" condition="'${COUNT}'=='8'">
<kw name="Log To Console" library="BuiltIn">
<arg>Estou no numero ${COUNT}</arg>
<doc>Logs the given message to the console.</doc>
<status status="PASS" starttime="20211020 20:31:47.161" endtime="20211020 20:31:47.163"/>
</kw>
<status status="PASS" starttime="20211020 20:31:47.158" endtime="20211020 20:31:47.163"/>
</branch>
<branch type="ELSE">
<kw name="Log To Console" library="BuiltIn">
<arg>Este não é o número 5 ou o número 8</arg>
<doc>Logs the given message to the console.</doc>
<status status="NOT RUN" starttime="20211020 20:31:47.163" endtime="20211020 20:31:47.163"/>
</kw>
<status status="NOT RUN" starttime="20211020 20:31:47.163" endtime="20211020 20:31:47.163"/>
</branch>
<status status="PASS" starttime="20211020 20:31:47.157" endtime="20211020 20:31:47.163"/>
</if>
<status status="PASS" starttime="20211020 20:31:47.157" endtime="20211020 20:31:47.164"/>
</iter>
<status status="PASS" starttime="20211020 20:31:47.133" endtime="20211020 20:31:47.164"/>
</for>
<status status="PASS" starttime="20211020 20:31:47.131" endtime="20211020 20:31:47.164"/>
</kw>
<tag>NUM</tag>
<status status="PASS" starttime="20211020 20:31:47.130" endtime="20211020 20:31:47.164"/>
</test>
<doc>Neste arquivo estarão presentes todos os exercicios de atuomação do curso prime Prime Hero</doc>
<status status="PASS" starttime="20211020 20:31:47.093" endtime="20211020 20:31:47.166"/>
</suite>
<statistics>
<total>
<stat pass="1" fail="0" skip="0">All Tests</stat>
</total>
<tag>
<stat pass="1" fail="0" skip="0">NUM</stat>
</tag>
<suite>
<stat pass="1" fail="0" skip="0" id="s1" name="Exercicios">Exercicios</stat>
</suite>
</statistics>
<errors>
</errors>
</robot>
